G75*
G70*
%OFA0B0*%
%FSLAX24Y24*%
%IPPOS*%
%LPD*%
%AMOC8*
5,1,8,0,0,1.08239X$1,22.5*
%
%ADD10C,0.0000*%
D10*
X000800Y001164D02*
X000800Y023692D01*
X000802Y023754D01*
X000808Y023815D01*
X000817Y023876D01*
X000831Y023937D01*
X000848Y023996D01*
X000869Y024054D01*
X000894Y024111D01*
X000922Y024166D01*
X000953Y024219D01*
X000988Y024270D01*
X001026Y024319D01*
X001067Y024366D01*
X001110Y024409D01*
X001157Y024450D01*
X001206Y024488D01*
X001257Y024523D01*
X001310Y024554D01*
X001365Y024582D01*
X001422Y024607D01*
X001480Y024628D01*
X001539Y024645D01*
X001600Y024659D01*
X001661Y024668D01*
X001722Y024674D01*
X001784Y024676D01*
X024186Y024676D01*
X024248Y024674D01*
X024309Y024668D01*
X024370Y024659D01*
X024431Y024645D01*
X024490Y024628D01*
X024548Y024607D01*
X024605Y024582D01*
X024660Y024554D01*
X024713Y024523D01*
X024764Y024488D01*
X024813Y024450D01*
X024860Y024409D01*
X024903Y024366D01*
X024944Y024319D01*
X024982Y024270D01*
X025017Y024219D01*
X025048Y024166D01*
X025076Y024111D01*
X025101Y024054D01*
X025122Y023996D01*
X025139Y023937D01*
X025153Y023876D01*
X025162Y023815D01*
X025168Y023754D01*
X025170Y023692D01*
X025170Y001164D01*
X025168Y001102D01*
X025162Y001041D01*
X025153Y000980D01*
X025139Y000919D01*
X025122Y000860D01*
X025101Y000802D01*
X025076Y000745D01*
X025048Y000690D01*
X025017Y000637D01*
X024982Y000586D01*
X024944Y000537D01*
X024903Y000490D01*
X024860Y000447D01*
X024813Y000406D01*
X024764Y000368D01*
X024713Y000333D01*
X024660Y000302D01*
X024605Y000274D01*
X024548Y000249D01*
X024490Y000228D01*
X024431Y000211D01*
X024370Y000197D01*
X024309Y000188D01*
X024248Y000182D01*
X024186Y000180D01*
X001784Y000180D01*
X001722Y000182D01*
X001661Y000188D01*
X001600Y000197D01*
X001539Y000211D01*
X001480Y000228D01*
X001422Y000249D01*
X001365Y000274D01*
X001310Y000302D01*
X001257Y000333D01*
X001206Y000368D01*
X001157Y000406D01*
X001110Y000447D01*
X001067Y000490D01*
X001026Y000537D01*
X000988Y000586D01*
X000953Y000637D01*
X000922Y000690D01*
X000894Y000745D01*
X000869Y000802D01*
X000848Y000860D01*
X000831Y000919D01*
X000817Y000980D01*
X000808Y001041D01*
X000802Y001102D01*
X000800Y001164D01*
M02*
